Traceback (most recent call last):
  File "/Users/johannes/opt/anaconda3/envs/dsmmlbook/lib/python3.8/site-packages/jupyter_cache/executors/utils.py", line 51, in single_nb_execution
    executenb(
  File "/Users/johannes/opt/anaconda3/envs/dsmmlbook/lib/python3.8/site-packages/nbclient/client.py", line 1204, in execute
    return NotebookClient(nb=nb, resources=resources, km=km, **kwargs).execute()
  File "/Users/johannes/opt/anaconda3/envs/dsmmlbook/lib/python3.8/site-packages/nbclient/util.py", line 84, in wrapped
    return just_run(coro(*args, **kwargs))
  File "/Users/johannes/opt/anaconda3/envs/dsmmlbook/lib/python3.8/site-packages/nbclient/util.py", line 62, in just_run
    return loop.run_until_complete(coro)
  File "/Users/johannes/opt/anaconda3/envs/dsmmlbook/lib/python3.8/asyncio/base_events.py", line 616, in run_until_complete
    return future.result()
  File "/Users/johannes/opt/anaconda3/envs/dsmmlbook/lib/python3.8/site-packages/nbclient/client.py", line 663, in async_execute
    await self.async_execute_cell(
  File "/Users/johannes/opt/anaconda3/envs/dsmmlbook/lib/python3.8/site-packages/nbclient/client.py", line 965, in async_execute_cell
    await self._check_raise_for_error(cell, cell_index, exec_reply)
  File "/Users/johannes/opt/anaconda3/envs/dsmmlbook/lib/python3.8/site-packages/nbclient/client.py", line 862, in _check_raise_for_error
    raise CellExecutionError.from_cell_and_msg(cell, exec_reply_content)
nbclient.exceptions.CellExecutionError: An error occurred while executing the following cell:
------------------
import cv2
numpy_image = np.uint8(img_to_array(original)).copy()
numpy_image = cv2.resize(numpy_image,(900,900))

cv2.putText(numpy_image, "VGG16: {}, {:.2f}".format(label_vgg[0][0][1], label_vgg[0][0][2]) , (350, 40), cv2.FONT_HERSHEY_SIMPLEX, 1, (255, 0, 0), 3)
cv2.putText(numpy_image, "MobileNet: {}, {:.2f}".format(label_mobilenet[0][0][1], label_mobilenet[0][0][2]) , (350, 75), cv2.FONT_HERSHEY_SIMPLEX, 1, (255, 0, 0), 3)
cv2.putText(numpy_image, "Inception: {}, {:.2f}".format(label_inception[0][0][1], label_inception[0][0][2]) , (350, 110), cv2.FONT_HERSHEY_SIMPLEX, 1, (255, 0, 0), 3)
cv2.putText(numpy_image, "ResNet50: {}, {:.2f}".format(label_resnet[0][0][1], label_resnet[0][0][2]) , (350, 145), cv2.FONT_HERSHEY_SIMPLEX, 1, (255, 0, 0), 3)
numpy_image = cv2.resize(numpy_image, (700,700))
cv2.imwrite("images/{}_output.jpg".format(filename.split('/')[-1].split('.')[0]),cv2.cvtColor(numpy_image, cv2.COLOR_RGB2BGR))
------------------

[0;31m---------------------------------------------------------------------------[0m
[0;31mModuleNotFoundError[0m                       Traceback (most recent call last)
[0;32m/var/folders/68/9tltm6l520v0stj3qjlc5v9w0000gn/T/ipykernel_31249/110761990.py[0m in [0;36m<module>[0;34m[0m
[0;32m----> 1[0;31m [0;32mimport[0m [0mcv2[0m[0;34m[0m[0;34m[0m[0m
[0m[1;32m      2[0m [0mnumpy_image[0m [0;34m=[0m [0mnp[0m[0;34m.[0m[0muint8[0m[0;34m([0m[0mimg_to_array[0m[0;34m([0m[0moriginal[0m[0;34m)[0m[0;34m)[0m[0;34m.[0m[0mcopy[0m[0;34m([0m[0;34m)[0m[0;34m[0m[0;34m[0m[0m
[1;32m      3[0m [0mnumpy_image[0m [0;34m=[0m [0mcv2[0m[0;34m.[0m[0mresize[0m[0;34m([0m[0mnumpy_image[0m[0;34m,[0m[0;34m([0m[0;36m900[0m[0;34m,[0m[0;36m900[0m[0;34m)[0m[0;34m)[0m[0;34m[0m[0;34m[0m[0m
[1;32m      4[0m [0;34m[0m[0m
[1;32m      5[0m [0mcv2[0m[0;34m.[0m[0mputText[0m[0;34m([0m[0mnumpy_image[0m[0;34m,[0m [0;34m"VGG16: {}, {:.2f}"[0m[0;34m.[0m[0mformat[0m[0;34m([0m[0mlabel_vgg[0m[0;34m[[0m[0;36m0[0m[0;34m][0m[0;34m[[0m[0;36m0[0m[0;34m][0m[0;34m[[0m[0;36m1[0m[0;34m][0m[0;34m,[0m [0mlabel_vgg[0m[0;34m[[0m[0;36m0[0m[0;34m][0m[0;34m[[0m[0;36m0[0m[0;34m][0m[0;34m[[0m[0;36m2[0m[0;34m][0m[0;34m)[0m [0;34m,[0m [0;34m([0m[0;36m350[0m[0;34m,[0m [0;36m40[0m[0;34m)[0m[0;34m,[0m [0mcv2[0m[0;34m.[0m[0mFONT_HERSHEY_SIMPLEX[0m[0;34m,[0m [0;36m1[0m[0;34m,[0m [0;34m([0m[0;36m255[0m[0;34m,[0m [0;36m0[0m[0;34m,[0m [0;36m0[0m[0;34m)[0m[0;34m,[0m [0;36m3[0m[0;34m)[0m[0;34m[0m[0;34m[0m[0m

[0;31mModuleNotFoundError[0m: No module named 'cv2'
ModuleNotFoundError: No module named 'cv2'

